[2022-06-16 11:39:56,438] {taskinstance.py:1159} INFO - Dependencies all met for <TaskInstance: Job-product_prices_testers.product_prices_testers scheduled__2022-06-16T08:09:33.783780+00:00 [queued]>
[2022-06-16 11:39:56,568] {taskinstance.py:1159} INFO - Dependencies all met for <TaskInstance: Job-product_prices_testers.product_prices_testers scheduled__2022-06-16T08:09:33.783780+00:00 [queued]>
[2022-06-16 11:39:56,580] {taskinstance.py:1356} INFO - 
--------------------------------------------------------------------------------
[2022-06-16 11:39:56,580] {taskinstance.py:1357} INFO - Starting attempt 1 of 6
[2022-06-16 11:39:56,580] {taskinstance.py:1358} INFO - 
--------------------------------------------------------------------------------
[2022-06-16 11:39:56,853] {taskinstance.py:1377} INFO - Executing <Task(PythonOperator): product_prices_testers> on 2022-06-16 08:09:33.783780+00:00
[2022-06-16 11:39:56,872] {standard_task_runner.py:52} INFO - Started process 8575 to run task
[2022-06-16 11:39:56,988] {standard_task_runner.py:79} INFO - Running: ['airflow', 'tasks', 'run', 'Job-product_prices_testers', 'product_prices_testers', 'scheduled__2022-06-16T08:09:33.783780+00:00', '--job-id', '166', '--raw', '--subdir', 'DAGS_FOLDER/docker_job/price_test.py', '--cfg-path', '/tmp/tmpd_w03h2w', '--error-file', '/tmp/tmpnfyy7qe4']
[2022-06-16 11:39:57,057] {standard_task_runner.py:80} INFO - Job 166: Subtask product_prices_testers
[2022-06-16 11:41:35,700] {warnings.py:110} WARNING - /home/airflow/.local/lib/python3.7/site-packages/airflow/configuration.py:525: DeprecationWarning: The sql_alchemy_conn option in [core] has been moved to the sql_alchemy_conn option in [database] - the old setting has been used, but please update your config.
  option = self._get_environment_variables(deprecated_key, deprecated_section, key, section)

[2022-06-16 11:41:36,640] {task_command.py:370} INFO - Running <TaskInstance: Job-product_prices_testers.product_prices_testers scheduled__2022-06-16T08:09:33.783780+00:00 [running]> on host 3c1ac2e19971
[2022-06-16 11:41:36,990] {taskinstance.py:1571} INFO - Exporting the following env vars:
AIRFLOW_CTX_DAG_EMAIL=samuel.momoh-olle@asgoodasnew.com
AIRFLOW_CTX_DAG_OWNER=airflow
AIRFLOW_CTX_DAG_ID=Job-product_prices_testers
AIRFLOW_CTX_TASK_ID=product_prices_testers
AIRFLOW_CTX_EXECUTION_DATE=2022-06-16T08:09:33.783780+00:00
AIRFLOW_CTX_TRY_NUMBER=1
AIRFLOW_CTX_DAG_RUN_ID=scheduled__2022-06-16T08:09:33.783780+00:00
[2022-06-16 11:41:36,996] {logging_mixin.py:115} INFO - /opt/airflow
[2022-06-16 11:41:38,225] {logging_mixin.py:115} INFO - https://www.handyverkauf.net/apple-iphone-x-64gb-space-grau_h_5143
[2022-06-16 11:42:11,433] {logging_mixin.py:115} INFO - https://www.handyverkauf.net/apple-iphone-x-256gb-space-grau_h_5145
[2022-06-16 11:42:42,763] {logging_mixin.py:115} INFO - https://www.handyverkauf.net/apple-iphone-xs-64gb-space-grau_h_6242
[2022-06-16 11:43:14,868] {logging_mixin.py:115} INFO - https://www.handyverkauf.net/apple-iphone-xs-256gb-space-grau_h_6245
[2022-06-16 11:43:46,199] {logging_mixin.py:115} INFO - https://www.handyverkauf.net/apple-iphone-xs-512gb-space-grau_h_6248
[2022-06-16 11:44:19,074] {logging_mixin.py:115} INFO - https://www.handyverkauf.net/apple-iphone-xs-max-64gb-space-grau_h_6251
[2022-06-16 11:44:51,670] {logging_mixin.py:115} INFO - https://www.handyverkauf.net/apple-iphone-xs-max-256gb-space-grau_h_6254
[2022-06-16 11:46:55,163] {logging_mixin.py:115} INFO - Message: unknown error: session deleted because of page crash
from unknown error: cannot determine loading status
from tab crashed
  (Session info: headless chrome=102.0.5005.115)
Stacktrace:
#0 0x55ec00a88f33 <unknown>
#1 0x55ec007d2faf <unknown>
#2 0x55ec007bdcda <unknown>
#3 0x55ec007bcc0f <unknown>
#4 0x55ec007bd19c <unknown>
#5 0x55ec007cb5ff <unknown>
#6 0x55ec007cc162 <unknown>
#7 0x55ec007da516 <unknown>
#8 0x55ec0083a551 <unknown>
#9 0x55ec00826e63 <unknown>
#10 0x55ec007fc82a <unknown>
#11 0x55ec007fd985 <unknown>
#12 0x55ec00acd4cd <unknown>
#13 0x55ec00ad15ec <unknown>
#14 0x55ec00ab771e <unknown>
#15 0x55ec00ad2238 <unknown>
#16 0x55ec00aac870 <unknown>
#17 0x55ec00aee608 <unknown>
#18 0x55ec00aee788 <unknown>
#19 0x55ec00b08f1d <unknown>
#20 0x7fca6650aea7 <unknown>
[2022-06-16 11:46:56,196] {logging_mixin.py:115} INFO - https://www.handyverkauf.net/apple-iphone-xs-max-512gb-space-grau_h_6257
[2022-06-16 11:50:12,310] {base_job.py:229} ERROR - LocalTaskJob heartbeat got an exception
Traceback (most recent call last):
  File "/home/airflow/.local/lib/python3.7/site-packages/sqlalchemy/engine/base.py", line 3141, in _wrap_pool_connect
    return fn()
  File "/home/airflow/.local/lib/python3.7/site-packages/sqlalchemy/pool/base.py", line 301, in connect
    return _ConnectionFairy._checkout(self)
  File "/home/airflow/.local/lib/python3.7/site-packages/sqlalchemy/pool/base.py", line 755, in _checkout
    fairy = _ConnectionRecord.checkout(pool)
  File "/home/airflow/.local/lib/python3.7/site-packages/sqlalchemy/pool/base.py", line 419, in checkout
    rec = pool._do_get()
  File "/home/airflow/.local/lib/python3.7/site-packages/sqlalchemy/pool/impl.py", line 259, in _do_get
    return self._create_connection()
  File "/home/airflow/.local/lib/python3.7/site-packages/sqlalchemy/pool/base.py", line 247, in _create_connection
    return _ConnectionRecord(self)
  File "/home/airflow/.local/lib/python3.7/site-packages/sqlalchemy/pool/base.py", line 362, in __init__
    self.__connect(first_connect_check=True)
  File "/home/airflow/.local/lib/python3.7/site-packages/sqlalchemy/pool/base.py", line 605, in __connect
    pool.logger.debug("Error on connect(): %s", e)
  File "/home/airflow/.local/lib/python3.7/site-packages/sqlalchemy/util/langhelpers.py", line 72, in __exit__
    with_traceback=exc_tb,
  File "/home/airflow/.local/lib/python3.7/site-packages/sqlalchemy/util/compat.py", line 211, in raise_
    raise exception
  File "/home/airflow/.local/lib/python3.7/site-packages/sqlalchemy/pool/base.py", line 599, in __connect
    connection = pool._invoke_creator(self)
  File "/home/airflow/.local/lib/python3.7/site-packages/sqlalchemy/engine/create.py", line 578, in connect
    return dialect.connect(*cargs, **cparams)
  File "/home/airflow/.local/lib/python3.7/site-packages/sqlalchemy/engine/default.py", line 583, in connect
    return self.dbapi.connect(*cargs, **cparams)
  File "/home/airflow/.local/lib/python3.7/site-packages/psycopg2/__init__.py", line 122, in connect
    conn = _connect(dsn, connection_factory=connection_factory, **kwasync)
psycopg2.OperationalError: could not translate host name "postgres_***" to address: Temporary failure in name resolution


The above exception was the direct cause of the following exception:

Traceback (most recent call last):
  File "/home/airflow/.local/lib/python3.7/site-packages/airflow/jobs/base_job.py", line 219, in heartbeat
    session.merge(self)
  File "/home/airflow/.local/lib/python3.7/site-packages/sqlalchemy/orm/session.py", line 2877, in merge
    _resolve_conflict_map=_resolve_conflict_map,
  File "/home/airflow/.local/lib/python3.7/site-packages/sqlalchemy/orm/session.py", line 2950, in _merge
    merged = self.get(mapper.class_, key[1], identity_token=key[2])
  File "/home/airflow/.local/lib/python3.7/site-packages/sqlalchemy/orm/session.py", line 2702, in get
    identity_token=identity_token,
  File "/home/airflow/.local/lib/python3.7/site-packages/sqlalchemy/orm/session.py", line 2800, in _get_impl
    load_options=load_options,
  File "/home/airflow/.local/lib/python3.7/site-packages/sqlalchemy/orm/loading.py", line 535, in load_on_pk_identity
    bind_arguments=bind_arguments,
  File "/home/airflow/.local/lib/python3.7/site-packages/sqlalchemy/orm/session.py", line 1669, in execute
    conn = self._connection_for_bind(bind, close_with_result=True)
  File "/home/airflow/.local/lib/python3.7/site-packages/sqlalchemy/orm/session.py", line 1520, in _connection_for_bind
    engine, execution_options
  File "/home/airflow/.local/lib/python3.7/site-packages/sqlalchemy/orm/session.py", line 747, in _connection_for_bind
    conn = bind.connect()
  File "/home/airflow/.local/lib/python3.7/site-packages/sqlalchemy/engine/base.py", line 3095, in connect
    return self._connection_cls(self, close_with_result=close_with_result)
  File "/home/airflow/.local/lib/python3.7/site-packages/sqlalchemy/engine/base.py", line 91, in __init__
    else engine.raw_connection()
  File "/home/airflow/.local/lib/python3.7/site-packages/sqlalchemy/engine/base.py", line 3174, in raw_connection
    return self._wrap_pool_connect(self.pool.connect, _connection)
  File "/home/airflow/.local/lib/python3.7/site-packages/sqlalchemy/engine/base.py", line 3145, in _wrap_pool_connect
    e, dialect, self
  File "/home/airflow/.local/lib/python3.7/site-packages/sqlalchemy/engine/base.py", line 2004, in _handle_dbapi_exception_noconnection
    sqlalchemy_exception, with_traceback=exc_info[2], from_=e
  File "/home/airflow/.local/lib/python3.7/site-packages/sqlalchemy/util/compat.py", line 211, in raise_
    raise exception
  File "/home/airflow/.local/lib/python3.7/site-packages/sqlalchemy/engine/base.py", line 3141, in _wrap_pool_connect
    return fn()
  File "/home/airflow/.local/lib/python3.7/site-packages/sqlalchemy/pool/base.py", line 301, in connect
    return _ConnectionFairy._checkout(self)
  File "/home/airflow/.local/lib/python3.7/site-packages/sqlalchemy/pool/base.py", line 755, in _checkout
    fairy = _ConnectionRecord.checkout(pool)
  File "/home/airflow/.local/lib/python3.7/site-packages/sqlalchemy/pool/base.py", line 419, in checkout
    rec = pool._do_get()
  File "/home/airflow/.local/lib/python3.7/site-packages/sqlalchemy/pool/impl.py", line 259, in _do_get
    return self._create_connection()
  File "/home/airflow/.local/lib/python3.7/site-packages/sqlalchemy/pool/base.py", line 247, in _create_connection
    return _ConnectionRecord(self)
  File "/home/airflow/.local/lib/python3.7/site-packages/sqlalchemy/pool/base.py", line 362, in __init__
    self.__connect(first_connect_check=True)
  File "/home/airflow/.local/lib/python3.7/site-packages/sqlalchemy/pool/base.py", line 605, in __connect
    pool.logger.debug("Error on connect(): %s", e)
  File "/home/airflow/.local/lib/python3.7/site-packages/sqlalchemy/util/langhelpers.py", line 72, in __exit__
    with_traceback=exc_tb,
  File "/home/airflow/.local/lib/python3.7/site-packages/sqlalchemy/util/compat.py", line 211, in raise_
    raise exception
  File "/home/airflow/.local/lib/python3.7/site-packages/sqlalchemy/pool/base.py", line 599, in __connect
    connection = pool._invoke_creator(self)
  File "/home/airflow/.local/lib/python3.7/site-packages/sqlalchemy/engine/create.py", line 578, in connect
    return dialect.connect(*cargs, **cparams)
  File "/home/airflow/.local/lib/python3.7/site-packages/sqlalchemy/engine/default.py", line 583, in connect
    return self.dbapi.connect(*cargs, **cparams)
  File "/home/airflow/.local/lib/python3.7/site-packages/psycopg2/__init__.py", line 122, in connect
    conn = _connect(dsn, connection_factory=connection_factory, **kwasync)
sqlalchemy.exc.OperationalError: (psycopg2.OperationalError) could not translate host name "postgres_***" to address: Temporary failure in name resolution

(Background on this error at: http://sqlalche.me/e/14/e3q8)
[2022-06-16 11:50:57,772] {logging_mixin.py:115} INFO - Message: unknown error: session deleted because of page crash
from unknown error: cannot determine loading status
from tab crashed
  (Session info: headless chrome=102.0.5005.115)
Stacktrace:
#0 0x561191455f33 <unknown>
#1 0x56119119ffaf <unknown>
#2 0x56119118c03d <unknown>
#3 0x56119118ba55 <unknown>
#4 0x56119118af15 <unknown>
#5 0x561191189c0f <unknown>
#6 0x56119118a19c <unknown>
#7 0x5611911985ff <unknown>
#8 0x561191199162 <unknown>
#9 0x5611911a724d <unknown>
#10 0x5611911aa66a <unknown>
#11 0x56119118a5c6 <unknown>
#12 0x5611911a6df1 <unknown>
#13 0x5611912076e8 <unknown>
#14 0x5611911f3e63 <unknown>
#15 0x5611911c982a <unknown>
#16 0x5611911ca985 <unknown>
#17 0x56119149a4cd <unknown>
#18 0x56119149e5ec <unknown>
#19 0x56119148471e <unknown>
#20 0x56119149f238 <unknown>
#21 0x561191479870 <unknown>
#22 0x5611914bb608 <unknown>
#23 0x5611914bb788 <unknown>
#24 0x5611914d5f1d <unknown>
#25 0x7f26dcbd5ea7 <unknown>
[2022-06-16 11:50:59,465] {logging_mixin.py:115} INFO - https://www.handyverkauf.net/apple-iphone-xr-64gb-schwarz_h_6260
[2022-06-16 11:53:24,271] {taskinstance.py:1889} ERROR - Task failed with exception
Traceback (most recent call last):
  File "/home/airflow/.local/lib/python3.7/site-packages/airflow/operators/python.py", line 171, in execute
    return_value = self.execute_callable()
  File "/home/airflow/.local/lib/python3.7/site-packages/airflow/operators/python.py", line 189, in execute_callable
    return self.python_callable(*self.op_args, **self.op_kwargs)
  File "/opt/airflow/dags/docker_job/price_test.py", line 132, in run_from_class
    webdriver.Chrome(executable_path="dags/docker_job/chromedriver", options=options),
  File "/home/airflow/.local/lib/python3.7/site-packages/selenium/webdriver/chrome/webdriver.py", line 73, in __init__
    service_log_path, service, keep_alive)
  File "/home/airflow/.local/lib/python3.7/site-packages/selenium/webdriver/chromium/webdriver.py", line 98, in __init__
    options=options)
  File "/home/airflow/.local/lib/python3.7/site-packages/selenium/webdriver/remote/webdriver.py", line 275, in __init__
    self.start_session(capabilities, browser_profile)
  File "/home/airflow/.local/lib/python3.7/site-packages/selenium/webdriver/remote/webdriver.py", line 365, in start_session
    response = self.execute(Command.NEW_SESSION, parameters)
  File "/home/airflow/.local/lib/python3.7/site-packages/selenium/webdriver/remote/webdriver.py", line 430, in execute
    self.error_handler.check_response(response)
  File "/home/airflow/.local/lib/python3.7/site-packages/selenium/webdriver/remote/errorhandler.py", line 247, in check_response
    raise exception_class(message, screen, stacktrace)
selenium.common.exceptions.WebDriverException: Message: unknown error: DevToolsActivePort file doesn't exist
Stacktrace:
#0 0x56186a804f33 <unknown>
#1 0x56186a54f118 <unknown>
#2 0x56186a575282 <unknown>
#3 0x56186a5717c6 <unknown>
#4 0x56186a56dd5a <unknown>
#5 0x56186a5a8d3a <unknown>
#6 0x56186a5a2e63 <unknown>
#7 0x56186a57882a <unknown>
#8 0x56186a579985 <unknown>
#9 0x56186a8494cd <unknown>
#10 0x56186a84d5ec <unknown>
#11 0x56186a83371e <unknown>
#12 0x56186a84e238 <unknown>
#13 0x56186a828870 <unknown>
#14 0x56186a86a608 <unknown>
#15 0x56186a86a788 <unknown>
#16 0x56186a884f1d <unknown>
#17 0x7fc9790b2ea7 <unknown>

[2022-06-16 11:54:06,220] {standard_task_runner.py:97} ERROR - Failed to execute job 166 for task product_prices_testers ((psycopg2.OperationalError) could not translate host name "postgres_source" to address: Temporary failure in name resolution

(Background on this error at: http://sqlalche.me/e/14/e3q8); 8575)
[2022-06-16 11:54:07,760] {base_job.py:229} ERROR - LocalTaskJob heartbeat got an exception
Traceback (most recent call last):
  File "/home/airflow/.local/lib/python3.7/site-packages/sqlalchemy/engine/base.py", line 3141, in _wrap_pool_connect
    return fn()
  File "/home/airflow/.local/lib/python3.7/site-packages/sqlalchemy/pool/base.py", line 301, in connect
    return _ConnectionFairy._checkout(self)
  File "/home/airflow/.local/lib/python3.7/site-packages/sqlalchemy/pool/base.py", line 755, in _checkout
    fairy = _ConnectionRecord.checkout(pool)
  File "/home/airflow/.local/lib/python3.7/site-packages/sqlalchemy/pool/base.py", line 419, in checkout
    rec = pool._do_get()
  File "/home/airflow/.local/lib/python3.7/site-packages/sqlalchemy/pool/impl.py", line 259, in _do_get
    return self._create_connection()
  File "/home/airflow/.local/lib/python3.7/site-packages/sqlalchemy/pool/base.py", line 247, in _create_connection
    return _ConnectionRecord(self)
  File "/home/airflow/.local/lib/python3.7/site-packages/sqlalchemy/pool/base.py", line 362, in __init__
    self.__connect(first_connect_check=True)
  File "/home/airflow/.local/lib/python3.7/site-packages/sqlalchemy/pool/base.py", line 605, in __connect
    pool.logger.debug("Error on connect(): %s", e)
  File "/home/airflow/.local/lib/python3.7/site-packages/sqlalchemy/util/langhelpers.py", line 72, in __exit__
    with_traceback=exc_tb,
  File "/home/airflow/.local/lib/python3.7/site-packages/sqlalchemy/util/compat.py", line 211, in raise_
    raise exception
  File "/home/airflow/.local/lib/python3.7/site-packages/sqlalchemy/pool/base.py", line 599, in __connect
    connection = pool._invoke_creator(self)
  File "/home/airflow/.local/lib/python3.7/site-packages/sqlalchemy/engine/create.py", line 578, in connect
    return dialect.connect(*cargs, **cparams)
  File "/home/airflow/.local/lib/python3.7/site-packages/sqlalchemy/engine/default.py", line 583, in connect
    return self.dbapi.connect(*cargs, **cparams)
  File "/home/airflow/.local/lib/python3.7/site-packages/psycopg2/__init__.py", line 122, in connect
    conn = _connect(dsn, connection_factory=connection_factory, **kwasync)
psycopg2.OperationalError: could not translate host name "postgres_***" to address: Temporary failure in name resolution


The above exception was the direct cause of the following exception:

Traceback (most recent call last):
  File "/home/airflow/.local/lib/python3.7/site-packages/airflow/jobs/base_job.py", line 225, in heartbeat
    self.heartbeat_callback(session=session)
  File "/home/airflow/.local/lib/python3.7/site-packages/airflow/utils/session.py", line 68, in wrapper
    return func(*args, **kwargs)
  File "/home/airflow/.local/lib/python3.7/site-packages/airflow/jobs/local_task_job.py", line 186, in heartbeat_callback
    self.task_instance.refresh_from_db()
  File "/home/airflow/.local/lib/python3.7/site-packages/airflow/utils/session.py", line 71, in wrapper
    return func(*args, session=session, **kwargs)
  File "/home/airflow/.local/lib/python3.7/site-packages/airflow/models/taskinstance.py", line 873, in refresh_from_db
    ti = qry.first()
  File "/home/airflow/.local/lib/python3.7/site-packages/sqlalchemy/orm/query.py", line 2734, in first
    return self.limit(1)._iter().first()
  File "/home/airflow/.local/lib/python3.7/site-packages/sqlalchemy/orm/query.py", line 2821, in _iter
    execution_options={"_sa_orm_load_options": self.load_options},
  File "/home/airflow/.local/lib/python3.7/site-packages/sqlalchemy/orm/session.py", line 1669, in execute
    conn = self._connection_for_bind(bind, close_with_result=True)
  File "/home/airflow/.local/lib/python3.7/site-packages/sqlalchemy/orm/session.py", line 1520, in _connection_for_bind
    engine, execution_options
  File "/home/airflow/.local/lib/python3.7/site-packages/sqlalchemy/orm/session.py", line 747, in _connection_for_bind
    conn = bind.connect()
  File "/home/airflow/.local/lib/python3.7/site-packages/sqlalchemy/engine/base.py", line 3095, in connect
    return self._connection_cls(self, close_with_result=close_with_result)
  File "/home/airflow/.local/lib/python3.7/site-packages/sqlalchemy/engine/base.py", line 91, in __init__
    else engine.raw_connection()
  File "/home/airflow/.local/lib/python3.7/site-packages/sqlalchemy/engine/base.py", line 3174, in raw_connection
    return self._wrap_pool_connect(self.pool.connect, _connection)
  File "/home/airflow/.local/lib/python3.7/site-packages/sqlalchemy/engine/base.py", line 3145, in _wrap_pool_connect
    e, dialect, self
  File "/home/airflow/.local/lib/python3.7/site-packages/sqlalchemy/engine/base.py", line 2004, in _handle_dbapi_exception_noconnection
    sqlalchemy_exception, with_traceback=exc_info[2], from_=e
  File "/home/airflow/.local/lib/python3.7/site-packages/sqlalchemy/util/compat.py", line 211, in raise_
    raise exception
  File "/home/airflow/.local/lib/python3.7/site-packages/sqlalchemy/engine/base.py", line 3141, in _wrap_pool_connect
    return fn()
  File "/home/airflow/.local/lib/python3.7/site-packages/sqlalchemy/pool/base.py", line 301, in connect
    return _ConnectionFairy._checkout(self)
  File "/home/airflow/.local/lib/python3.7/site-packages/sqlalchemy/pool/base.py", line 755, in _checkout
    fairy = _ConnectionRecord.checkout(pool)
  File "/home/airflow/.local/lib/python3.7/site-packages/sqlalchemy/pool/base.py", line 419, in checkout
    rec = pool._do_get()
  File "/home/airflow/.local/lib/python3.7/site-packages/sqlalchemy/pool/impl.py", line 259, in _do_get
    return self._create_connection()
  File "/home/airflow/.local/lib/python3.7/site-packages/sqlalchemy/pool/base.py", line 247, in _create_connection
    return _ConnectionRecord(self)
  File "/home/airflow/.local/lib/python3.7/site-packages/sqlalchemy/pool/base.py", line 362, in __init__
    self.__connect(first_connect_check=True)
  File "/home/airflow/.local/lib/python3.7/site-packages/sqlalchemy/pool/base.py", line 605, in __connect
    pool.logger.debug("Error on connect(): %s", e)
  File "/home/airflow/.local/lib/python3.7/site-packages/sqlalchemy/util/langhelpers.py", line 72, in __exit__
    with_traceback=exc_tb,
  File "/home/airflow/.local/lib/python3.7/site-packages/sqlalchemy/util/compat.py", line 211, in raise_
    raise exception
  File "/home/airflow/.local/lib/python3.7/site-packages/sqlalchemy/pool/base.py", line 599, in __connect
    connection = pool._invoke_creator(self)
  File "/home/airflow/.local/lib/python3.7/site-packages/sqlalchemy/engine/create.py", line 578, in connect
    return dialect.connect(*cargs, **cparams)
  File "/home/airflow/.local/lib/python3.7/site-packages/sqlalchemy/engine/default.py", line 583, in connect
    return self.dbapi.connect(*cargs, **cparams)
  File "/home/airflow/.local/lib/python3.7/site-packages/psycopg2/__init__.py", line 122, in connect
    conn = _connect(dsn, connection_factory=connection_factory, **kwasync)
sqlalchemy.exc.OperationalError: (psycopg2.OperationalError) could not translate host name "postgres_***" to address: Temporary failure in name resolution

(Background on this error at: http://sqlalche.me/e/14/e3q8)
[2022-06-16 11:54:07,857] {local_task_job.py:156} INFO - Task exited with return code 1
[2022-06-16 11:54:09,854] {taskinstance.py:1400} INFO - Marking task as UP_FOR_RETRY. dag_id=Job-product_prices_testers, task_id=product_prices_testers, execution_date=20220616T080933, start_date=20220616T113956, end_date=20220616T115409
[2022-06-16 11:54:10,587] {local_task_job.py:273} INFO - 0 downstream tasks scheduled from follow-on schedule check
