[2022-06-15 19:22:18,212] {taskinstance.py:1159} INFO - Dependencies all met for <TaskInstance: Job-product_prices_testers.product_prices_testers scheduled__2022-06-15T16:44:29.251475+00:00 [queued]>
[2022-06-15 19:22:18,219] {taskinstance.py:1159} INFO - Dependencies all met for <TaskInstance: Job-product_prices_testers.product_prices_testers scheduled__2022-06-15T16:44:29.251475+00:00 [queued]>
[2022-06-15 19:22:18,219] {taskinstance.py:1356} INFO - 
--------------------------------------------------------------------------------
[2022-06-15 19:22:18,219] {taskinstance.py:1357} INFO - Starting attempt 6 of 11
[2022-06-15 19:22:18,219] {taskinstance.py:1358} INFO - 
--------------------------------------------------------------------------------
[2022-06-15 19:22:18,229] {taskinstance.py:1377} INFO - Executing <Task(PythonOperator): product_prices_testers> on 2022-06-15 16:44:29.251475+00:00
[2022-06-15 19:22:18,232] {standard_task_runner.py:52} INFO - Started process 73 to run task
[2022-06-15 19:22:18,235] {standard_task_runner.py:79} INFO - Running: ['airflow', 'tasks', 'run', 'Job-product_prices_testers', 'product_prices_testers', 'scheduled__2022-06-15T16:44:29.251475+00:00', '--job-id', '15', '--raw', '--subdir', 'DAGS_FOLDER/docker_job/price_test.py', '--cfg-path', '/tmp/tmp_2p_hdy0', '--error-file', '/tmp/tmpg306maev']
[2022-06-15 19:22:18,235] {standard_task_runner.py:80} INFO - Job 15: Subtask product_prices_testers
[2022-06-15 19:22:18,245] {warnings.py:110} WARNING - /home/airflow/.local/lib/python3.7/site-packages/airflow/configuration.py:525: DeprecationWarning: The sql_alchemy_conn option in [core] has been moved to the sql_alchemy_conn option in [database] - the old setting has been used, but please update your config.
  option = self._get_environment_variables(deprecated_key, deprecated_section, key, section)

[2022-06-15 19:22:18,276] {task_command.py:370} INFO - Running <TaskInstance: Job-product_prices_testers.product_prices_testers scheduled__2022-06-15T16:44:29.251475+00:00 [running]> on host 38d0d6519df6
[2022-06-15 19:22:18,340] {taskinstance.py:1571} INFO - Exporting the following env vars:
AIRFLOW_CTX_DAG_EMAIL=samuel.momoh-olle@asgoodasnew.com
AIRFLOW_CTX_DAG_OWNER=airflow
AIRFLOW_CTX_DAG_ID=Job-product_prices_testers
AIRFLOW_CTX_TASK_ID=product_prices_testers
AIRFLOW_CTX_EXECUTION_DATE=2022-06-15T16:44:29.251475+00:00
AIRFLOW_CTX_TRY_NUMBER=6
AIRFLOW_CTX_DAG_RUN_ID=scheduled__2022-06-15T16:44:29.251475+00:00
[2022-06-15 19:22:18,350] {taskinstance.py:1889} ERROR - Task failed with exception
Traceback (most recent call last):
  File "/home/airflow/.local/lib/python3.7/site-packages/selenium/webdriver/common/service.py", line 76, in start
    creationflags=self.creationflags)
  File "/usr/local/lib/python3.7/subprocess.py", line 800, in __init__
    restore_signals, start_new_session)
  File "/usr/local/lib/python3.7/subprocess.py", line 1551, in _execute_child
    raise child_exception_type(errno_num, err_msg, err_filename)
PermissionError: [Errno 13] Permission denied: 'chromedriver'

During handling of the above exception, another exception occurred:

Traceback (most recent call last):
  File "/home/airflow/.local/lib/python3.7/site-packages/airflow/operators/python.py", line 171, in execute
    return_value = self.execute_callable()
  File "/home/airflow/.local/lib/python3.7/site-packages/airflow/operators/python.py", line 189, in execute_callable
    return self.python_callable(*self.op_args, **self.op_kwargs)
  File "/opt/airflow/dags/docker_job/price_test.py", line 114, in run_from_class
    from docker_job.pricing.vars import options, clickables, xpath
  File "/opt/airflow/dags/docker_job/pricing/vars.py", line 24, in <module>
    driver = webdriver.Chrome(executable_path="chromedriver", options=options)
  File "/home/airflow/.local/lib/python3.7/site-packages/selenium/webdriver/chrome/webdriver.py", line 73, in __init__
    service_log_path, service, keep_alive)
  File "/home/airflow/.local/lib/python3.7/site-packages/selenium/webdriver/chromium/webdriver.py", line 89, in __init__
    self.service.start()
  File "/home/airflow/.local/lib/python3.7/site-packages/selenium/webdriver/common/service.py", line 88, in start
    os.path.basename(self.path), self.start_error_message)
selenium.common.exceptions.WebDriverException: Message: 'chromedriver' executable may have wrong permissions. Please see https://chromedriver.chromium.org/home

[2022-06-15 19:22:18,360] {taskinstance.py:1400} INFO - Marking task as UP_FOR_RETRY. dag_id=Job-product_prices_testers, task_id=product_prices_testers, execution_date=20220615T164429, start_date=20220615T192218, end_date=20220615T192218
[2022-06-15 19:22:18,370] {standard_task_runner.py:97} ERROR - Failed to execute job 15 for task product_prices_testers (Message: 'chromedriver' executable may have wrong permissions. Please see https://chromedriver.chromium.org/home
; 73)
[2022-06-15 19:22:18,407] {local_task_job.py:156} INFO - Task exited with return code 1
[2022-06-15 19:22:18,438] {local_task_job.py:273} INFO - 0 downstream tasks scheduled from follow-on schedule check
